[    0.000000] Initializing cgroup subsys cpuset
[    0.000000] Initializing cgroup subsys cpu
[    0.000000] Initializing cgroup subsys cpuacct
[    0.000000] Linux version 4.4.0-93-generic (buildd@lgw01-03) (gcc version 5.4.0 20160609 (Ubuntu 5.4.0-6ubuntu1~16.04.4) ) #116-Ubuntu SMP Fri Aug 11 21:17:51 UTC 2017 (Ubuntu 4.4.0-93.116-generic 4.4.79)
[    0.000000] Command line: BOOT_IMAGE=/boot/vmlinuz-4.4.0-93-generic root=UUID=2fcba7a1-77bf-4d12-b01b-d1ff410d1a0a ro console=tty1 console=ttyS0
[    0.000000] KERNEL supported cpus:
[    0.000000]   Intel GenuineIntel
[    0.000000]   AMD AuthenticAMD
[    0.000000]   Centaur CentaurHauls
[    0.000000] ------------[ cut here ]------------
[    0.000000] WARNING: CPU: 0 PID: 0 at /build/linux-YyUNAI/linux-4.4.0/arch/x86/kernel/fpu/xstate.c:517 fpu__init_system_xstate+0x38b/0x75a()
[    0.000000] XSAVE consistency problem, dumping leaves
[    0.000000] Modules linked in:
[    0.000000] CPU: 0 PID: 0 Comm: swapper Not tainted 4.4.0-93-generic #116-Ubuntu
[    0.000000]  0000000000000086 c2872be9d38e7a68 ffffffff81e03d80 ffffffff813f9f83
[    0.000000]  ffffffff81e03dc8 ffffffff81caa428 ffffffff81e03db8 ffffffff810812f2
[    0.000000]  ffffffff81e03e48 ffffffff81e03e4c 0000000000000008 0000000000000100
[    0.000000] Call Trace:
[    0.000000]  [<ffffffff813f9f83>] dump_stack+0x63/0x90
[    0.000000]  [<ffffffff810812f2>] warn_slowpath_common+0x82/0xc0
[    0.000000]  [<ffffffff8108138c>] warn_slowpath_fmt+0x5c/0x80
[    0.000000]  [<ffffffff8107d000>] ? xfeature_size+0x59/0x77
[    0.000000]  [<ffffffff81f6e20b>] fpu__init_system_xstate+0x38b/0x75a
[    0.000000]  [<ffffffff81f5e120>] ? early_idt_handler_array+0x120/0x120
[    0.000000]  [<ffffffff81f6db76>] fpu__init_system+0x10d/0x245
[    0.000000]  [<ffffffff81f6ec7f>] early_cpu_init+0x139/0x13e
[    0.000000]  [<ffffffff81f6ec7f>] ? early_cpu_init+0x139/0x13e
[    0.000000]  [<ffffffff81f6a181>] setup_arch+0xb4/0xcf6
[    0.000000]  [<ffffffff81f5e120>] ? early_idt_handler_array+0x120/0x120
[    0.000000]  [<ffffffff81f5ec74>] start_kernel+0xe4/0x4a2
[    0.000000]  [<ffffffff81f5e120>] ? early_idt_handler_array+0x120/0x120
[    0.000000]  [<ffffffff81f5e339>] x86_64_start_reservations+0x2a/0x2c
[    0.000000]  [<ffffffff81f5e485>] x86_64_start_kernel+0x14a/0x16d
[    0.000000] ---[ end trace 4d5ff9f2f68c4233 ]---
[    0.000000] CPUID[0d, 00]: eax=00000007 ebx=00000440 ecx=00000440 edx=00000000
[    0.000000] CPUID[0d, 01]: eax=00000000 ebx=000003c0 ecx=00000000 edx=00000000
[    0.000000] CPUID[0d, 02]: eax=00000100 ebx=00000240 ecx=00000000 edx=00000000
[    0.000000] CPUID[0d, 03]: eax=00000000 ebx=00000000 ecx=00000000 edx=00000000
[    0.000000] CPUID[0d, 04]: eax=00000000 ebx=00000000 ecx=00000000 edx=00000000
[    0.000000] CPUID[0d, 05]: eax=00000000 ebx=00000000 ecx=00000000 edx=00000000
[    0.000000] CPUID[0d, 06]: eax=00000000 ebx=00000000 ecx=00000000 edx=00000000
[    0.000000] CPUID[0d, 07]: eax=00000000 ebx=00000000 ecx=00000000 edx=00000000
[    0.000000] CPUID[0d, 08]: eax=00000000 ebx=00000000 ecx=00000000 edx=00000000
[    0.000000] CPUID[0d, 09]: eax=00000000 ebx=00000000 ecx=00000000 edx=00000000
[    0.000000] CPUID[0d, 0a]: eax=00000000 ebx=00000000 ecx=00000000 edx=00000000
[    0.000000] CPUID[0d, 0b]: eax=00000000 ebx=00000000 ecx=00000000 edx=00000000
[    0.000000] CPUID[0d, 0c]: eax=00000000 ebx=00000000 ecx=00000000 edx=00000000
[    0.000000] CPUID[0d, 0d]: eax=00000000 ebx=00000000 ecx=00000000 edx=00000000
[    0.000000] CPUID[0d, 0e]: eax=00000000 ebx=00000000 ecx=00000000 edx=00000000
[    0.000000] CPUID[0d, 0f]: eax=00000000 ebx=00000000 ecx=00000000 edx=00000000
[    0.000000] CPUID[0d, 10]: eax=00000000 ebx=00000000 ecx=00000000 edx=00000000
[    0.000000] CPUID[0d, 11]: eax=00000000 ebx=00000000 ecx=00000000 edx=00000000
[    0.000000] x86/fpu: xstate_offset[2]:  576, xstate_sizes[2]:  256
[    0.000000] x86/fpu: Supporting XSAVE feature 0x01: 'x87 floating point registers'
[    0.000000] x86/fpu: Supporting XSAVE feature 0x02: 'SSE registers'
[    0.000000] x86/fpu: Supporting XSAVE feature 0x04: 'AVX registers'
[    0.000000] x86/fpu: Enabled xstate features 0x7, context size is 1088 bytes, using 'standard' format.
[    0.000000] x86/fpu: Using 'lazy' FPU context switches.
[    0.000000] e820: BIOS-provided physical RAM map:
[    0.000000] BIOS-e820: [mem 0x0000000000000000-0x000000000009fbff] usable
[    0.000000] BIOS-e820: [mem 0x000000000009fc00-0x000000000009ffff] reserved
[    0.000000] BIOS-e820: [mem 0x00000000000f0000-0x00000000000fffff] reserved
[    0.000000] BIOS-e820: [mem 0x0000000000100000-0x00000000dffeffff] usable
[    0.000000] BIOS-e820: [mem 0x00000000dfff0000-0x00000000dfffffff] ACPI data
[    0.000000] BIOS-e820: [mem 0x00000000fec00000-0x00000000fec00fff] reserved
[    0.000000] BIOS-e820: [mem 0x00000000fee00000-0x00000000fee00fff] reserved
[    0.000000] BIOS-e820: [mem 0x00000000fffc0000-0x00000000ffffffff] reserved
[    0.000000] BIOS-e820: [mem 0x0000000100000000-0x000000011fffffff] usable
[    0.000000] NX (Execute Disable) protection: active
[    0.000000] SMBIOS 2.5 present.
[    0.000000] Hypervisor detected: KVM
[    0.000000] e820: last_pfn = 0x120000 max_arch_pfn = 0x400000000
[    0.000000] MTRR: Disabled
[    0.000000] x86/PAT: MTRRs disabled, skipping PAT initialization too.
[    0.000000] CPU MTRRs all blank - virtualized system.
[    0.000000] x86/PAT: Configuration [0-7]: WB  WT  UC- UC  WB  WT  UC- UC  
[    0.000000] e820: last_pfn = 0xdfff0 max_arch_pfn = 0x400000000
[    0.000000] found SMP MP-table at [mem 0x0009fff0-0x0009ffff] mapped at [ffff88000009fff0]
[    0.000000] Scanning 1 areas for low memory corruption
[    0.000000] RAMDISK: [mem 0x36232000-0x37110fff]
[    0.000000] ACPI: Early table checksum verification disabled
[    0.000000] ACPI: RSDP 0x00000000000E0000 000024 (v02 VBOX  )
[    0.000000] ACPI: XSDT 0x00000000DFFF0030 00003C (v01 VBOX   VBOXXSDT 00000001 ASL  00000061)
[    0.000000] ACPI: FACP 0x00000000DFFF00F0 0000F4 (v04 VBOX   VBOXFACP 00000001 ASL  00000061)
[    0.000000] ACPI: DSDT 0x00000000DFFF0490 0021C8 (v02 VBOX   VBOXBIOS 00000002 INTL 20100528)
[    0.000000] ACPI: FACS 0x00000000DFFF0200 000040
[    0.000000] ACPI: FACS 0x00000000DFFF0200 000040
[    0.000000] ACPI: APIC 0x00000000DFFF0240 00007C (v02 VBOX   VBOXAPIC 00000001 ASL  00000061)
[    0.000000] ACPI: SSDT 0x00000000DFFF02C0 0001CC (v01 VBOX   VBOXCPUT 00000002 INTL 20100528)
[    0.000000] No NUMA configuration found
[    0.000000] Faking a node at [mem 0x0000000000000000-0x000000011fffffff]
[    0.000000] NODE_DATA(0) allocated [mem 0x11fff7000-0x11fffbfff]
[    0.000000] kvm-clock: Using msrs 4b564d01 and 4b564d00
[    0.000000] kvm-clock: cpu 0, msr 1:1ffef001, primary cpu clock
[    0.000000] kvm-clock: using sched offset of 3008701389 cycles
[    0.000000] clocksource: kvm-clock: mask: 0xffffffffffffffff max_cycles: 0x1cd42e4dffb, max_idle_ns: 881590591483 ns
[    0.000000] Zone ranges:
[    0.000000]   DMA      [mem 0x0000000000001000-0x0000000000ffffff]
[    0.000000]   DMA32    [mem 0x0000000001000000-0x00000000ffffffff]
[    0.000000]   Normal   [mem 0x0000000100000000-0x000000011fffffff]
[    0.000000]   Device   empty
[    0.000000] Movable zone start for each node
[    0.000000] Early memory node ranges
[    0.000000]   node   0: [mem 0x0000000000001000-0x000000000009efff]
[    0.000000]   node   0: [mem 0x0000000000100000-0x00000000dffeffff]
[    0.000000]   node   0: [mem 0x0000000100000000-0x000000011fffffff]
[    0.000000] Initmem setup node 0 [mem 0x0000000000001000-0x000000011fffffff]
[    0.000000] ACPI: PM-Timer IO Port: 0x4008
[    0.000000] IOAPIC[0]: apic_id 6, version 32, address 0xfec00000, GSI 0-23
[    0.000000] ACPI: INT_SRC_OVR (bus 0 bus_irq 0 global_irq 2 dfl dfl)
[    0.000000] ACPI: INT_SRC_OVR (bus 0 bus_irq 9 global_irq 9 high level)
[    0.000000] Using ACPI (MADT) for SMP configuration information
[    0.000000] smpboot: Allowing 6 CPUs, 0 hotplug CPUs
[    0.000000] PM: Registered nosave memory: [mem 0x00000000-0x00000fff]
[    0.000000] PM: Registered nosave memory: [mem 0x0009f000-0x0009ffff]
[    0.000000] PM: Registered nosave memory: [mem 0x000a0000-0x000effff]
[    0.000000] PM: Registered nosave memory: [mem 0x000f0000-0x000fffff]
[    0.000000] PM: Registered nosave memory: [mem 0xdfff0000-0xdfffffff]
[    0.000000] PM: Registered nosave memory: [mem 0xe0000000-0xfebfffff]
[    0.000000] PM: Registered nosave memory: [mem 0xfec00000-0xfec00fff]
[    0.000000] PM: Registered nosave memory: [mem 0xfec01000-0xfedfffff]
[    0.000000] PM: Registered nosave memory: [mem 0xfee00000-0xfee00fff]
[    0.000000] PM: Registered nosave memory: [mem 0xfee01000-0xfffbffff]
[    0.000000] PM: Registered nosave memory: [mem 0xfffc0000-0xffffffff]
[    0.000000] e820: [mem 0xe0000000-0xfebfffff] available for PCI devices
[    0.000000] Booting paravirtualized kernel on KVM
[    0.000000] clocksource: refined-jiffies: mask: 0xffffffff max_cycles: 0xffffffff, max_idle_ns: 7645519600211568 ns
[    0.000000] setup_percpu: NR_CPUS:512 nr_cpumask_bits:512 nr_cpu_ids:6 nr_node_ids:1
[    0.000000] PERCPU: Embedded 34 pages/cpu @ffff88011fc00000 s98328 r8192 d32744 u262144
[    0.000000] PV qspinlock hash table entries: 256 (order: 0, 4096 bytes)
[    0.000000] Built 1 zonelists in Node order, mobility grouping on.  Total pages: 1032057
[    0.000000] Policy zone: Normal
[    0.000000] Kernel command line: BOOT_IMAGE=/boot/vmlinuz-4.4.0-93-generic root=UUID=2fcba7a1-77bf-4d12-b01b-d1ff410d1a0a ro console=tty1 console=ttyS0
[    0.000000] PID hash table entries: 4096 (order: 3, 32768 bytes)
[    0.000000] Memory: 4027304K/4193848K available (8479K kernel code, 1294K rwdata, 3984K rodata, 1492K init, 1316K bss, 166544K reserved, 0K cma-reserved)
[    0.000000] SLUB: HWalign=64, Order=0-3, MinObjects=0, CPUs=6, Nodes=1
[    0.000000] Hierarchical RCU implementation.
[    0.000000] 	Build-time adjustment of leaf fanout to 64.
[    0.000000] 	RCU restricting CPUs from NR_CPUS=512 to nr_cpu_ids=6.
[    0.000000] RCU: Adjusting geometry for rcu_fanout_leaf=64, nr_cpu_ids=6
[    0.000000] NR_IRQS:33024 nr_irqs:472 16
[    0.000000] Console: colour VGA+ 80x25
[    0.000000] console [tty1] enabled
[    0.000000] console [ttyS0] enabled
[    0.000000] tsc: Detected 2807.998 MHz processor
[   20.987275] Calibrating delay loop (skipped) preset value.. 5615.99 BogoMIPS (lpj=11231992)
[   21.262062] pid_max: default: 32768 minimum: 301
[   21.390692] ACPI: Core revision 20150930
[   21.475225] ACPI: 2 ACPI AML tables successfully acquired and loaded
[   21.674406] Security Framework initialized
[   21.806349] Yama: becoming mindful.
[   21.878001] AppArmor: AppArmor initialized
[   21.988472] Dentry cache hash table entries: 524288 (order: 10, 4194304 bytes)
[   22.228348] Inode-cache hash table entries: 262144 (order: 9, 2097152 bytes)
[   22.450672] Mount-cache hash table entries: 8192 (order: 4, 65536 bytes)
[   22.657808] Mountpoint-cache hash table entries: 8192 (order: 4, 65536 bytes)
[   22.875965] Initializing cgroup subsys io
[   23.002197] Initializing cgroup subsys memory
[   23.115519] Initializing cgroup subsys devices
[   23.267750] Initializing cgroup subsys freezer
[   23.367466] Initializing cgroup subsys net_cls
[   23.517920] Initializing cgroup subsys perf_event
[   23.550011] Initializing cgroup subsys net_prio
[   23.550927] Initializing cgroup subsys hugetlb
[   23.635213] Initializing cgroup subsys pids
[   23.722534] CPU: Physical Processor ID: 0
[   23.832102] CPU: Processor Core ID: 0
[   23.836042] mce: CPU supports 0 MCE banks
[   23.935249] Last level iTLB entries: 4KB 64, 2MB 8, 4MB 8
[   24.119267] Last level dTLB entries: 4KB 64, 2MB 0, 4MB 0, 1GB 4
[   24.271872] Freeing SMP alternatives memory: 32K (ffffffff820ba000 - ffffffff820c2000)
[   24.481744] ftrace: allocating 32136 entries in 126 pages
[   24.636976] smpboot: APIC(0) Converting physical 0 to logical package 0
[   24.840192] smpboot: Max logical packages: 1
[   24.982213] x2apic enabled
[   25.072378] Switched APIC routing to physical x2apic.
[   25.236112] ..TIMER: vector=0x30 apic1=0 pin1=2 apic2=-1 pin2=-1
[   25.502579] smpboot: CPU0: Intel(R) Core(TM) i7-7700HQ CPU @ 2.80GHz (family: 0x6, model: 0x9e, stepping: 0x9)
[   25.822083] Performance Events: unsupported p6 CPU model 158 no PMU driver, software events only.
[   25.915656] KVM setup paravirtual spinlock
[   25.942181] x86: Booting SMP configuration:
[   26.070930] .... node  #0, CPUs:      #1
[   26.188192] kvm-clock: cpu 1, msr 1:1ffef041, secondary cpu clock
[   26.311972] mce: CPU supports 0 MCE banks
[   26.404044]  #2
[   26.410323] kvm-clock: cpu 2, msr 1:1ffef081, secondary cpu clock
[   26.536217] mce: CPU supports 0 MCE banks
[   26.664250]  #3
[   26.700084] kvm-clock: cpu 3, msr 1:1ffef0c1, secondary cpu clock
[   26.828868] mce: CPU supports 0 MCE banks
[   26.831314]  #4
[   26.859144] kvm-clock: cpu 4, msr 1:1ffef101, secondary cpu clock
[   26.894418] mce: CPU supports 0 MCE banks
[   26.915453]  #5
[   26.960283] kvm-clock: cpu 5, msr 1:1ffef141, secondary cpu clock
[   27.042475] mce: CPU supports 0 MCE banks
[   27.139520] x86: Booted up 1 node, 6 CPUs
[   27.263095] smpboot: Total of 6 processors activated (33695.97 BogoMIPS)
[   27.472271] devtmpfs: initialized
[   27.552497] evm: security.selinux
[   27.650535] evm: security.SMACK64
[   27.726819] evm: security.SMACK64EXEC
[   27.739836] evm: security.SMACK64TRANSMUTE
[   27.819111] evm: security.SMACK64MMAP
[   27.906199] evm: security.ima
[   27.975652] evm: security.capability
[   28.072491] clocksource: jiffies: mask: 0xffffffff max_cycles: 0xffffffff, max_idle_ns: 7645041785100000 ns
[   28.283634] futex hash table entries: 2048 (order: 5, 131072 bytes)
[   28.429887] pinctrl core: initialized pinctrl subsystem
[   28.567244] RTC time:  4:18:13, date: 09/06/17
[   28.643832] NET: Registered protocol family 16
[   28.771931] cpuidle: using governor ladder
[   28.878528] cpuidle: using governor menu
[   28.998042] PCCT header not found.
[   29.108536] ACPI: bus type PCI registered
[   29.240946] acpiphp: ACPI Hot Plug PCI Controller Driver version: 0.5
[   29.430315] PCI: Using configuration type 1 for base access
[   29.606965] ACPI: Added _OSI(Module Device)
[   29.670166] ACPI: Added _OSI(Processor Device)
[   29.729183] ACPI: Added _OSI(3.0 _SCP Extensions)
[   29.808682] ACPI: Added _OSI(Processor Aggregator Device)
[   29.953286] ACPI: Executed 1 blocks of module-level executable AML code
[   29.998479] ACPI: Interpreter enabled
[   29.999160] ACPI: (supports S0 S5)
[   29.999692] ACPI: Using IOAPIC for interrupt routing
[   30.000605] PCI: Using host bridge windows from ACPI; if necessary, use "pci=nocrs" and report a bug
[   30.106459] ACPI: PCI Root Bridge [PCI0] (domain 0000 [bus 00-ff])
[   30.285351] acpi PNP0A03:00: _OSC: OS supports [ASPM ClockPM Segments MSI]
[   30.403421] acpi PNP0A03:00: _OSC failed (AE_NOT_FOUND); disabling ASPM
[   30.567524] acpi PNP0A03:00: fail to add MMCONFIG information, can't access extended PCI configuration space under this bridge.
[   30.631473] PCI host bridge to bus 0000:00
[   30.645757] pci_bus 0000:00: root bus resource [io  0x0000-0x0cf7 window]
[   30.666584] pci_bus 0000:00: root bus resource [io  0x0d00-0xffff window]
[   30.670672] pci_bus 0000:00: root bus resource [mem 0x000a0000-0x000bffff window]
[   30.686335] pci_bus 0000:00: root bus resource [mem 0xe0000000-0xffdfffff window]
[   30.712015] pci_bus 0000:00: root bus resource [bus 00-ff]
[   30.793892] pci 0000:00:01.1: legacy IDE quirk: reg 0x10: [io  0x01f0-0x01f7]
[   30.902253] pci 0000:00:01.1: legacy IDE quirk: reg 0x14: [io  0x03f6]
[   30.986589] pci 0000:00:01.1: legacy IDE quirk: reg 0x18: [io  0x0170-0x0177]
[   31.168047] pci 0000:00:01.1: legacy IDE quirk: reg 0x1c: [io  0x0376]
[   31.382305] pci 0000:00:07.0: quirk: [io  0x4000-0x403f] claimed by PIIX4 ACPI
[   31.582807] pci 0000:00:07.0: quirk: [io  0x4100-0x410f] claimed by PIIX4 SMB
[   31.807002] ACPI: PCI Interrupt Link [LNKA] (IRQs 5 9 10 *11)
[   31.948187] ACPI: PCI Interrupt Link [LNKB] (IRQs 5 9 10 *11)
[   32.039451] ACPI: PCI Interrupt Link [LNKC] (IRQs 5 9 *10 11)
[   32.073421] ACPI: PCI Interrupt Link [LNKD] (IRQs 5 *9 10 11)
[   32.234456] ACPI: Enabled 2 GPEs in block 00 to 07
[   32.374305] vgaarb: setting as boot device: PCI:0000:00:02.0
[   32.535222] vgaarb: device added: PCI:0000:00:02.0,decodes=io+mem,owns=io+mem,locks=none
[   32.739436] vgaarb: loaded
[   32.814562] vgaarb: bridge control possible 0000:00:02.0
[   32.947802] SCSI subsystem initialized
[   33.033292] ACPI: bus type USB registered
[   33.112742] usbcore: registered new interface driver usbfs
[   33.216010] usbcore: registered new interface driver hub
[   33.346643] usbcore: registered new device driver usb
[   33.466543] PCI: Using ACPI for IRQ routing
[   33.607098] NetLabel: Initializing
[   33.719104] NetLabel:  domain hash size = 128
[   33.859104] NetLabel:  protocols = UNLABELED CIPSOv4
[   33.971449] NetLabel:  unlabeled traffic allowed by default
[   34.032972] amd_nb: Cannot enumerate AMD northbridges
[   34.177912] clocksource: Switched to clocksource kvm-clock
[   34.253997] AppArmor: AppArmor Filesystem Enabled
[   34.404309] pnp: PnP ACPI init
[   34.506529] pnp: PnP ACPI: found 3 devices
[   34.660478] clocksource: acpi_pm: mask: 0xffffff max_cycles: 0xffffff, max_idle_ns: 2085701024 ns
[   34.954996] NET: Registered protocol family 2
[   35.100293] TCP established hash table entries: 32768 (order: 6, 262144 bytes)
[   35.340961] TCP bind hash table entries: 32768 (order: 7, 524288 bytes)
[   35.498569] TCP: Hash tables configured (established 32768 bind 32768)
[   35.699349] UDP hash table entries: 2048 (order: 4, 65536 bytes)
[   35.880763] UDP-Lite hash table entries: 2048 (order: 4, 65536 bytes)
[   36.095868] NET: Registered protocol family 1
[   36.135580] pci 0000:00:00.0: Limiting direct PCI/PCI transfers
[   36.136440] pci 0000:00:01.0: Activating ISA DMA hang workarounds
[   36.137334] Unpacking initramfs...
[   36.381082] Freeing initrd memory: 15228K (ffff880036232000 - ffff880037111000)
[   36.568781] PCI-DMA: Using software bounce buffering for IO (SWIOTLB)
[   36.765109] software IO TLB [mem 0xdbff0000-0xdfff0000] (64MB) mapped at [ffff8800dbff0000-ffff8800dffeffff]
[   37.101926] platform rtc_cmos: registered platform RTC device (no PNP device found)
[   37.349268] Scanning for low memory corruption every 60 seconds
[   37.556657] audit: initializing netlink subsys (disabled)
[   37.714925] audit: type=2000 audit(1504671474.675:1): initialized
[   37.914481] Initialise system trusted keyring
[   38.058790] HugeTLB registered 2 MB page size, pre-allocated 0 pages
[   38.290662] tsc: Refined TSC clocksource calibration: 2808.721 MHz
[   38.499738] clocksource: tsc: mask: 0xffffffffffffffff max_cycles: 0x287c6f43b11, max_idle_ns: 440795258897 ns
[   38.500974] zbud: loaded
[   38.501340] VFS: Disk quotas dquot_6.6.0
[   38.501365] VFS: Dquot-cache hash table entries: 512 (order 0, 4096 bytes)
[   38.501537] squashfs: version 4.0 (2009/01/31) Phillip Lougher
[   38.501969] fuse init (API version 7.23)
[   38.502066] Key type big_key registered
[   38.502081] Allocating IMA MOK and blacklist keyrings.
[   38.504753] Key type asymmetric registered
[   38.504754] Asymmetric key parser 'x509' registered
[   38.504809] Block layer SCSI generic (bsg) driver version 0.4 loaded (major 249)
[   38.504873] io scheduler noop registered
[   38.504875] io scheduler deadline registered (default)
[   38.504914] io scheduler cfq registered
[   38.504980] pci_hotplug: PCI Hot Plug PCI Core version: 0.5
[   38.504983] pciehp: PCI Express Hot Plug Controller Driver version: 0.4
[   38.505074] ACPI: AC Adapter [AC] (on-line)
[   38.505110] input: Power Button as /devices/LNXSYSTM:00/LNXPWRBN:00/input/input0
[   38.505112] ACPI: Power Button [PWRF]
[   38.505161] input: Sleep Button as /devices/LNXSYSTM:00/LNXSLPBN:00/input/input1
[   38.505162] ACPI: Sleep Button [SLPF]
[   38.505386] GHES: HEST is not enabled!
[   38.506001] ACPI: Battery Slot [BAT0] (battery present)
[   38.506028] Serial: 8250/16550 driver, 32 ports, IRQ sharing enabled
[   38.836385] 00:02: ttyS0 at I/O 0x3f8 (irq = 4, base_baud = 115200) is a 16550A
[   38.906120] Linux agpgart interface v0.103
[   38.984123] loop: module loaded
[   38.984749] scsi host0: ata_piix
[   38.985077] scsi host1: ata_piix
[   38.985119] ata1: PATA max UDMA/33 cmd 0x1f0 ctl 0x3f6 bmdma 0xd000 irq 14
[   38.985120] ata2: PATA max UDMA/33 cmd 0x170 ctl 0x376 bmdma 0xd008 irq 15
[   38.985204] libphy: Fixed MDIO Bus: probed
[   38.985206] tun: Universal TUN/TAP device driver, 1.6
[   38.985206] tun: (C) 1999-2004 Max Krasnyansky <maxk@qualcomm.com>
[   38.985253] PPP generic driver version 2.4.2
[   38.985323] ehci_hcd: USB 2.0 'Enhanced' Host Controller (EHCI) Driver
[   38.985327] ehci-pci: EHCI PCI platform driver
[   38.985333] ehci-platform: EHCI generic platform driver
[   38.985339] ohci_hcd: USB 1.1 'Open' Host Controller (OHCI) Driver
[   38.985341] ohci-pci: OHCI PCI platform driver
[   38.985348] ohci-platform: OHCI generic platform driver
[   38.985354] uhci_hcd: USB Universal Host Controller Interface driver
[   38.985420] i8042: PNP: PS/2 Controller [PNP0303:PS2K,PNP0f03:PS2M] at 0x60,0x64 irq 1,12
[   39.115427] serio: i8042 KBD port at 0x60,0x64 irq 1
[   39.115431] serio: i8042 AUX port at 0x60,0x64 irq 12
[   39.115530] mousedev: PS/2 mouse device common for all mice
[   39.115950] rtc_cmos rtc_cmos: rtc core: registered rtc_cmos as rtc0
[   39.115993] rtc_cmos rtc_cmos: alarms up to one day, 114 bytes nvram
[   39.115998] i2c /dev entries driver
[   39.116034] device-mapper: uevent: version 1.0.3
[   39.116101] device-mapper: ioctl: 4.34.0-ioctl (2015-10-28) initialised: dm-devel@redhat.com
[   39.116113] ledtrig-cpu: registered to indicate activity on CPUs
[   39.117081] NET: Registered protocol family 10
[   39.117363] NET: Registered protocol family 17
[   39.117382] Key type dns_resolver registered
[   39.180695] microcode: CPU0 sig=0x906e9, pf=0x8, revision=0x0
[   39.180711] microcode: CPU1 sig=0x906e9, pf=0x8, revision=0x0
[   39.180734] microcode: CPU2 sig=0x906e9, pf=0x8, revision=0x0
[   39.180762] microcode: CPU3 sig=0x906e9, pf=0x8, revision=0x0
[   39.180784] microcode: CPU4 sig=0x906e9, pf=0x8, revision=0x0
[   39.180806] microcode: CPU5 sig=0x906e9, pf=0x8, revision=0x0
[   39.180849] microcode: Microcode Update Driver: v2.01 <tigran@aivazian.fsnet.co.uk>, Peter Oruba
[   39.180936] registered taskstats version 1
[   39.180949] Loading compiled-in X.509 certificates
[   39.181444] Loaded X.509 cert 'Build time autogenerated kernel key: a6f98c496ad22cf23b77f8fe21ff88c41791cbd4'
[   39.181460] zswap: loaded using pool lzo/zbud
[   39.183119] Key type trusted registered
[   39.185518] Key type encrypted registered
[   39.185522] AppArmor: AppArmor sha1 policy hashing enabled
[   39.185524] ima: No TPM chip found, activating TPM-bypass!
[   39.185540] evm: HMAC attrs: 0x1
[   39.185777]   Magic number: 1:162:312
[   39.242491] rtc_cmos rtc_cmos: setting system clock to 2017-09-06 04:18:24 UTC (1504671504)
[   39.242777] BIOS EDD facility v0.16 2004-Jun-25, 0 devices found
[   39.242778] EDD information not available.
[   39.817513] input: AT Translated Set 2 keyboard as /devices/platform/i8042/serio0/input/input2
[   47.427714] Freeing unused kernel memory: 1492K (ffffffff81f45000 - ffffffff820ba000)
[   47.677391] Write protecting the kernel read-only data: 14336k
[   47.725038] Freeing unused kernel memory: 1748K (ffff88000184b000 - ffff880001a00000)
[   47.806395] Freeing unused kernel memory: 112K (ffff880001de4000 - ffff880001e00000)
Loading, please [   47.947654] random: systemd-udevd: uninitialized urandom read (16 bytes read, 7 bits of entropy available)
wait...
startin[   47.948160] random: udevadm: uninitialized urandom read (16 bytes read, 7 bits of entropy available)
g version 229
[   47.948184] random: udevadm: uninitialized urandom read (16 bytes read, 7 bits of entropy available)
[   47.948371] random: udevadm: uninitialized urandom read (16 bytes read, 7 bits of entropy available)
[   47.948402] random: udevadm: uninitialized urandom read (16 bytes read, 7 bits of entropy available)
[   47.948430] random: udevadm: uninitialized urandom read (16 bytes read, 7 bits of entropy available)
[   47.948459] random: udevadm: uninitialized urandom read (16 bytes read, 7 bits of entropy available)
[   47.948489] random: udevadm: uninitialized urandom read (16 bytes read, 7 bits of entropy available)
[   47.948515] random: udevadm: uninitialized urandom read (16 bytes read, 7 bits of entropy available)
[   47.948541] random: udevadm: uninitialized urandom read (16 bytes read, 7 bits of entropy available)
[   48.480671] Fusion MPT base driver 3.04.20
[   48.492014] Copyright (c) 1999-2008 LSI Corporation
[   48.504562] e1000: Intel(R) PRO/1000 Network Driver - version 7.3.21-k8-NAPI
[   48.686525] e1000: Copyright (c) 1999-2006 Intel Corporation.
[   48.817808] Fusion MPT SPI Host driver 3.04.20
[   48.842487] AVX version of gcm_enc/dec engaged.
[   48.894920] AES CTR mode by8 optimization enabled
[   49.016823] input: ImExPS/2 Generic Explorer Mouse as /devices/platform/i8042/serio1/input/input4
[   49.161675] e1000 0000:00:03.0 eth0: (PCI:33MHz:32-bit) 02:c0:e2:3c:71:11
[   49.161678] e1000 0000:00:03.0 eth0: Intel(R) PRO/1000 Network Connection
[   49.162558] mptbase: ioc0: Initiating bringup
[   49.238390] ioc0: LSI53C1030 A0: Capabilities={Initiator}
[   49.412008] scsi host2: ioc0: LSI53C1030 A0, FwRev=00000000h, Ports=1, MaxQ=256, IRQ=20
[   49.539073] e1000 0000:00:03.0 enp0s3: renamed from eth0
[   49.550416] scsi 2:0:0:0: Direct-Access     VBOX     HARDDISK         1.0  PQ: 0 ANSI: 5
[   49.550421] scsi target2:0:0: Beginning Domain Validation
[   49.552514] scsi target2:0:0: Domain Validation skipping write tests
[   49.552515] scsi target2:0:0: Ending Domain Validation
[   49.552593] scsi target2:0:0: asynchronous
[   49.552908] scsi 2:0:1:0: Direct-Access     VBOX     HARDDISK         1.0  PQ: 0 ANSI: 5
[   49.552911] scsi target2:0:1: Beginning Domain Validation
[   49.553618] scsi target2:0:1: Domain Validation skipping write tests
[   49.553619] scsi target2:0:1: Ending Domain Validation
[   49.553653] scsi target2:0:1: asynchronous
[   49.557391] sd 2:0:0:0: Attached scsi generic sg0 type 0
[   49.557449] sd 2:0:0:0: [sda] 20971520 512-byte logical blocks: (10.7 GB/10.0 GiB)
[   49.557604] sd 2:0:1:0: Attached scsi generic sg1 type 0
[   49.557611] sd 2:0:0:0: [sda] Write Protect is off
[   49.557729] sd 2:0:0:0: [sda] Incomplete mode parameter data
[   49.557730] sd 2:0:0:0: [sda] Assuming drive cache: write through
[   49.557797] sd 2:0:1:0: [sdb] 20480 512-byte logical blocks: (10.5 MB/10.0 MiB)
[   49.557992] sd 2:0:1:0: [sdb] Write Protect is off
[   49.558108] sd 2:0:1:0: [sdb] Incomplete mode parameter data
[   49.558109] sd 2:0:1:0: [sdb] Assuming drive cache: write through
[   49.560666]  sda: sda1
[   49.561771] sd 2:0:0:0: [sda] Attached SCSI disk
[   49.562223] sd 2:0:1:0: [sdb] Attached SCSI disk
[   51.498543] floppy0: no floppy controllers found
Begin: Loading e[   54.650021] md: linear personality registered for level -1
ssential drivers[   54.844832] md: multipath personality registered for level -4
 ... [   55.021038] md: raid0 personality registered for level 0
[   55.197232] md: raid1 personality registered for level 1
[   55.442177] raid6: sse2x1   gen()  9643 MB/s
[   55.638108] raid6: sse2x1   xor()  5662 MB/s
[   55.782070] raid6: sse2x2   gen() 10463 MB/s
[   55.974037] raid6: sse2x2   xor()  7065 MB/s
[   56.158577] raid6: sse2x4   gen() 13527 MB/s
[   56.322217] raid6: sse2x4   xor()  8859 MB/s
[   56.341092] raid6: using algorithm sse2x4 gen() 13527 MB/s
[   56.464743] raid6: .... xor() 8859 MB/s, rmw enabled
[   56.623930] raid6: using ssse3x2 recovery algorithm
[   56.758829] xor: automatically using best checksumming function:
[   56.882342]    avx       : 24456.000 MB/sec
[   56.996726] async_tx: api initialized (async)
[   57.157833] md: raid6 personality registered for level 6
[   57.317967] md: raid5 personality registered for level 5
[   57.459980] md: raid4 personality registered for level 4
[   57.649318] md: raid10 personality registered for level 10
done.
Begin: Running /scripts/init-p[   57.842406] Btrfs loaded
remount ... done.
Begin: Mounting root file system ... Begin: R[   57.926426] EXT4-fs (sda1): mounted filesystem with ordered data mode. Opts: (null)
unning /scripts/local-top ... done.
Begin: Running /scripts/local-premount ... Scanning for Btrfs filesystems
done.
Warning: fsck not present, so skipping root file system
done.
Begin: Running /scripts/local-bottom ... done.
Begin: Running /scripts/init-bottom ... done.
[   58.400486] systemd[1]: systemd 229 running in system mode. (+PAM +AUDIT +SELINUX +IMA +APPARMOR +SMACK +SYSVINIT +UTMP +LIBCRYPTSETUP +GCRYPT +GNUTLS +ACL +XZ -LZ4 +SECCOMP +BLKID +ELFUTILS +KMOD -IDN)
[   58.942950] systemd[1]: Detected virtualization oracle.
[   58.945504] systemd[1]: Detected architecture x86-64.

Welcome to [1mUbuntu 16.04.3 LTS[0m!

[   58.956556] systemd[1]: Set hostname to <butchery>.
[   59.045439] random: nonblocking pool is initialized
[   59.205921] systemd[1]: Reached target Swap.
[[0;32m  OK  [0m] Reached target Swap.
[   59.403016] systemd[1]: Listening on udev Kernel Socket.
[[0;32m  OK  [0m] Listening on udev Kernel Socket.
[   59.639967] systemd[1]: Created slice User and Session Slice.
[[0;32m  OK  [0m] Created slice User and Session Slice.
[   59.845344] systemd[1]: Started Forward Password Requests to Wall Directory Watch.
[[0;32m  OK  [0m] Started Forward Password Requests to Wall Directory Watch.
[   60.110509] systemd[1]: Listening on Syslog Socket.
[[0;32m  OK  [0m] Listening on Syslog Socket.
[   60.259561] systemd[1]: Listening on LVM2 poll daemon socket.
[[0;32m  OK  [0m] Listening on LVM2 poll daemon socket.
[   60.491389] systemd[1]: Created slice System Slice.
[[0;32m  OK  [0m] Created slice System Slice.
[   60.729403] systemd[1]: Listening on Journal Socket.
[[0;32m  OK  [0m] Listening on Journal Socket.
[   60.942933] systemd[1]: Starting Load Kernel Modules...
[   61.036117] Loading iSCSI transport class v2.0-870.
         Starting Load Ke[   61.054934] iscsi: registered transport (tcp)
rnel Modules...
[   61.167081] systemd[1]: Starting Set console keymap...
         Starting Set con[   61.210152] iscsi: registered transport (iser)
sole keymap...
[   61.307438] systemd[1]: Starting Uncomplicated firewall...
         Starting Uncomplicated firewall...
[   61.474493] systemd[1]: Listening on Journal Audit Socket.
[[0;32m  OK  [0m] Listening on Journal Audit Socket.
[   61.711862] systemd[1]: Created slice system-serial\x2dgetty.slice.
[[0;32m  OK  [0m] Created slice system-serial\x2dgetty.slice.
[   61.890348] systemd[1]: Starting Nameserver information manager...
         Starting Nameserver information manager...
[   62.050355] systemd[1]: Mounting Huge Pages File System...
         Mounting Huge Pages File System...
[   62.211406] systemd[1]: Set up automount Arbitrary Executable File Formats File System Automount Point.
[[0;32m  OK  [0m] Set up automount Arbitrary Executab...ats File System Automount Point.
[   62.322844] systemd[1]: Reached target Encrypted Volumes.
[[0;32m  OK  [0m] Reached target Encrypted Volumes.
[   62.378946] systemd[1]: Reached target Slices.
[[0;32m  OK  [0m] Reached target Slices.
[   62.490798] systemd[1]: Listening on LVM2 metadata daemon socket.
[[0;32m  OK  [0m] Listening on LVM2 metadata daemon socket.
[   62.690719] systemd[1]: Mounting POSIX Message Queue File System...
         Mounting POSIX Message Queue File System...
[   62.862651] systemd[1]: Listening on Journal Socket (/dev/log).
[[0;32m  OK  [0m] Listening on Journal Socket (/dev/log).
[   62.982844] systemd[1]: Starting Journal Service...
         Starting Journal Service...
[   63.123061] systemd[1]: Starting Create list of required static device nodes for the current kernel...
         Starting Create list of required st... nodes for the current kernel...
[   63.392759] systemd[1]: Listening on Device-mapper event daemon FIFOs.
[[0;32m  OK  [0m] Listening on Device-mapper event daemon FIFOs.
[   63.614963] systemd[1]: Starting Monitoring of LVM2 mirrors, snapshots etc. using dmeventd or progress polling...
         Starting Monitoring of LVM2 mirrors... dmeventd or progress polling...
[   64.007017] systemd[1]: Reached target User and Group Name Lookups.
[[0;32m  OK  [0m] Reached target User and Group Name Lookups.
[   64.285956] systemd[1]: Listening on udev Control Socket.
[[0;32m  OK  [0m] Listening on udev Control Socket.
[   64.506444] systemd[1]: Starting Remount Root and Kernel File Systems...
[   64.516635] EXT4-fs (sda1): re-mounted. Opts: (null)
         Starting Remount Root and Kernel File Systems...
[   64.842609] systemd[1]: Started Trigger resolvconf update for networkd DNS.
[[0;32m  OK  [0m] Started Trigger resolvconf update for networkd DNS.
[   65.130565] systemd[1]: Mounting Debug File System...
         Mounting Debug File System...
[   65.339954] systemd[1]: Listening on /dev/initctl Compatibility Named Pipe.
[[0;32m  OK  [0m] Listening on /dev/initctl Compatibility Named Pipe.
[   65.644176] systemd[1]: Mounted POSIX Message Queue File System.
[[0;32m  OK  [0m] Mounted POSIX Message Queue File System.
[   65.822113] systemd[1]: Mounted Huge Pages File System.
[[0;32m  OK  [0m] Mounted Huge Pages File System.
[   65.975098] systemd[1]: Mounted Debug File System.
[[0;32m  OK  [0m] Mounted Debug File System.
[   66.182532] systemd[1]: Started Journal Service.
[[0;32m  OK  [0m] Started Journal Service.
[[0;32m  OK  [0m] Started Load Kernel Modules.
[[0;32m  OK  [0m] Started Set console keymap.
[[0;32m  OK  [0m] Started Uncomplicated firewall.
[[0;32m  OK  [0m] Started Create list of required sta...ce nodes for the current kernel.
[[0;32m  OK  [0m] Started Remount Root and Kernel File Systems.
[[0;32m  OK  [0m] Started Nameserver information manager.
[[0;32m  OK  [0m] Started LVM2 metadata daemon.
         Starting Initial cloud-init job (pre-networking)...
         Starting Load/Save Random Seed...
         Starting udev Coldplug all Devices...
         Starting Create Static Device Nodes in /dev...
         Starting Apply Kernel Variables...
         Mounting FUSE Control File System...
         Starting Flush Journal to Persistent Storage...
[[0;32m  OK  [0m] Mounted FUSE Control File System.
[[0;32m  OK  [0m] Started Monitoring of LVM2 mirrors,...ng dmeventd or progress polling.
[[0;32m  OK  [0m] Started Load/Save Random Seed.
[[0;32m  OK  [0m] Started Create Static Device Nodes in /dev.
[[0;32m  OK  [0m] Started Apply Kernel Variables.
[   35.051344] cloud-init[485]: Cloud-init v. 0.7.9 running 'init-local' at Wed, 06 Sep 2017 04:18:52 +0000. Up 34.83 seconds.
[[0;32m  OK  [0m] Started udev Coldplug all Devices.
[[0;32m  OK  [0m] Started Initial cloud-init job (pre-networking).
[[0;32m  OK  [0m] Started Flush Journal to Persistent Storage.
[[0;32m  OK  [0m] Reached target Network (Pre).
         Starting udev Kernel Device Manager...
[[0;32m  OK  [0m] Started udev Kernel Device Manager.
[[0;32m  OK  [0m] Started Dispatch Password Requests to Console Directory Watch.
[[0;32m  OK  [0m] Reached target Local File Systems (Pre).
[[0;32m  OK  [0m] Reached target Local File Systems.
         Starting Tell Plymouth To Write Out Runtime Data...
         Starting Set console font and keymap...
         Starting LSB: AppArmor initialization...
         Starting Create Volatile Files and Directories...
[[0;32m  OK  [0m] Started Tell Plymouth To Write Out Runtime Data.
[[0;1;31mFAILED[0m] Failed to start Set console font and keymap.
See 'systemctl status console-setup.service' for details.
[[0;32m  OK  [0m] Started Create Volatile Files and Directories.
[[0;32m  OK  [0m] Found device /dev/ttyS0.
[[0;32m  OK  [0m] Listening on Load/Save RF Kill Switch Status /dev/rfkill Watch.
         Starting Update UTMP about System Boot/Shutdown...
[[0;32m  OK  [0m] Reached target System Time Synchronized.
[[0;32m  OK  [0m] Created slice system-getty.slice.
[[0;32m  OK  [0m] Started LSB: AppArmor initialization.
[[0;32m  OK  [0m] Started Update UTMP about System Boot/Shutdown.
[[0;32m  OK  [0m] Started ifup for enp0s3.
         Starting Raise network interfaces...
[[0;32m  OK  [0m] Started Raise network interfaces.
         Starting Initial cloud-init job (metadata service crawler)...
[[0;32m  OK  [0m] Reached target Network.
[   39.291454] cloud-init[991]: Cloud-init v. 0.7.9 running 'init' at Wed, 06 Sep 2017 04:18:57 +0000. Up 39.09 seconds.
[   39.347385] [cloud-init[0;32m  OK  [0m[991]: ] ci-info: +++++++++++++++++++++++++++++++++++++Net device info++++++++++++++++++++++++++++++++++++++Started Initial cloud-init job (metadata service crawler).

[   39.347647] cloud-init[991]: ci-info: +--------+------+----------------------------+---------------+-------+-------------------+
[   39.365904] [cloud-init[0;32m  OK  [0m[991]: ] ci-info: | Device |  Up  |          Address           |      Mask     | Scope |     Hw-Address    |Reached target System Initialization.

         [   39.366170] Starting Socket activation for snappy daemon.cloud-init
[991]: ci-info: +--------+------+----------------------------+---------------+-------+-------------------+
[[0;32m  OK  [0m] Listening on ACPID Listen Socket.
[   39.437822] cloud-init[991]: ci-info: | enp0s3 | True |         10.0.2.15          | 255.255.255.0 |   .   | 02:c0:e2:3c:71:11 |
[   39.857116] [cloud-init[0;32m  OK  [0m[991]: ] ci-info: | enp0s3 | True | fe80::c0:e2ff:fe3c:7111/64 |       .       |  link | 02:c0:e2:3c:71:11 |Started ACPI Events Check.

[[   39.858054] [0;32m  OK  [0mcloud-init] [991]: Reached target Paths.ci-info: |   lo   | True |         127.0.0.1          |   255.0.0.0   |   .   |         .         |

[   40.276396]          cloud-initStarting LXD - unix socket.[991]: 
ci-info: |   lo   | True |          ::1/128           |       .       |  host |         .         |
[   40.469571] [cloud-init[0;32m  OK  [0m[991]: ] ci-info: +--------+------+----------------------------+---------------+-------+-------------------+Started Timer to automatically fetch and run repair assertions.

[   40.470491] [cloud-init[0;32m  OK  [0m[991]: ] ci-info: +++++++++++++++++++++++++++Route IPv4 info++++++++++++++++++++++++++++Started Daily Cleanup of Temporary Directories.

[   40.917365] [cloud-init[0;32m  OK  [0m[991]: ] ci-info: +-------+-------------+----------+---------------+-----------+-------+Listening on UUID daemon activation socket.

[[   40.918306] [0;32m  OK  [0mcloud-init] [991]: Listening on D-Bus System Message Bus Socket.ci-info: | Route | Destination | Gateway  |    Genmask    | Interface | Flags |

[   41.252430] [cloud-init[0;32m  OK  [0m[991]: ] ci-info: +-------+-------------+----------+---------------+-----------+-------+Started Timer to automatically refresh installed snaps.

[   41.252702] [cloud-init[0;32m  OK  [0m[991]: ] ci-info: |   0   |   0.0.0.0   | 10.0.2.2 |    0.0.0.0    |   enp0s3  |   UG  |Reached target Cloud-config availability.

[   41.468827] [cloud-init[0;32m  OK  [0m[991]: ] ci-info: |   1   |   10.0.2.0  | 0.0.0.0  | 255.255.255.0 |   enp0s3  |   U   |Reached target Network is Online.

[   41.469561] cloud-init[991]: ci-info: +-------+-------------+----------+---------------+-----------+-------+
         Starting iSCSI initiator daemon (iscsid)...
[[0;32m  OK  [0m] Started Daily apt download activities.
[[0;32m  OK  [0m] Started Daily apt upgrade and clean activities.
[[0;32m  OK  [0m] Reached target Timers.
[[0;32m  OK  [0m] Listening on Socket activation for snappy daemon.
[[0;32m  OK  [0m] Listening on LXD - unix socket.
[[0;32m  OK  [0m] Started iSCSI initiator daemon (iscsid).
         Starting Login to default iSCSI targets...
[[0;32m  OK  [0m] Reached target Sockets.
[[0;32m  OK  [0m] Reached target Basic System.
         Starting LSB: Record successful boot for GRUB...
         Starting System Logging Service...
[[0;32m  OK  [0m] Started FUSE filesystem for LXC.
         Starting Login Service...
[[0;32m  OK  [0m] Started ACPI event daemon.
[[0;32m  OK  [0m] Started Unattended Upgrades Shutdown.
[[0;32m  OK  [0m] Started D-Bus System Message Bus.
         Starting LSB: MD monitoring daemon...
         Starting OpenVPN service...
         Starting Snappy daemon...
[[0;32m  OK  [0m] Started Deferred execution scheduler.
         Starting LXD - container startup/shutdown...
         Starting Accounts Service...
         Starting OpenBSD Secure Shell server...
[[0;32m  OK  [0m] Started Regular background program processing daemon.
         Starting Apply the settings specified in cloud-config...
         Starting /etc/rc.local Compatibility...
[[0;32m  OK  [0m] Started System Logging Service.
[[0;32m  OK  [0m] Started Snappy daemon.
[[0;32m  OK  [0m] Started OpenBSD Secure Shell server.
[[0;32m  OK  [0m] Started OpenVPN service.
[   43.462057] cloud-init[1107]: Cloud-init v. 0.7.9 running 'modules:config' at Wed, 06 Sep 2017 04:19:01 +0000. Up 43.39 seconds.
[[0;32m  OK  [0m] Started LXD - container startup/shutdown.
[[0;32m  OK  [0m] Started Apply the settings specified in cloud-config.
[[0;32m  OK  [0m] Started /etc/rc.local Compatibility.
[[0;32m  OK  [0m] Started LSB: Record successful boot for GRUB.
[[0;32m  OK  [0m] Started LSB: MD monitoring daemon.
[[0;32m  OK  [0m] Started Login to default iSCSI targets.
[[0;32m  OK  [0m] Started Login Service.
         Starting Authenticate and Authorize Users to Run Privileged Tasks...
[[0;32m  OK  [0m] Reached target Remote File Systems (Pre).
[[0;32m  OK  [0m] Reached target Remote File Systems.
         Starting LSB: Set the CPU Frequency Scaling governor to "ondemand"...
         Starting LSB: VirtualBox Linux kernel module...
         Starting LSB: VirtualBox Linux Additions...
         Starting LSB: automatic crash report generation...
         Starting LSB: daemon to balance interrupts for SMP systems...
         Starting Permit User Sessions...
         Starting Auto import assertions from block devices...
[[0;32m  OK  [0m] Started Permit User Sessions.
[[0;32m  OK  [0m] Started Auto import assertions from block devices.
[[0;32m  OK  [0m] Started Authenticate and Authorize Users to Run Privileged Tasks.
[[0;32m  OK  [0m] Started Accounts Service.
[[0;32m  OK  [0m] Started LSB: Set the CPU Frequency Scaling governor to "ondemand".
[[0;32m  OK  [0m] Started LSB: VirtualBox Linux kernel module.
[[0;32m  OK  [0m] Started LSB: automatic crash report generation.
[[0;32m  OK  [0m] Started LSB: VirtualBox Linux Additions.
[[0;32m  OK  [0m] Started LSB: daemon to balance interrupts for SMP systems.
         Starting Terminate Plymouth Boot Screen...
         Starting Hold until boot process finishes up...
[[0;32m  OK  [0m] Started Terminate Plymouth Boot Screen.
[[0;32m  OK  [0m] Started Hold until boot process finishes up.
[[0;32m  OK  [0m] Started Serial Getty on ttyS0.
         Starting Set console scheme...
[[0;32m  OK  [0m] Started Getty on tty1.
[[0;32m  OK  [0m] Reached target Login Prompts.
[[0;32m  OK  [0m] Reached target Multi-User System.
         Starting Execute cloud user/final scripts...
[[0;32m  OK  [0m] Reached target Graphical Interface.
         Starting Update UTMP about System Runlevel Changes...
[[0;32m  OK  [0m] Started Set console scheme.
[[0;32m  OK  [0m] Started Update UTMP about System Runlevel Changes.
[   46.022622] cloud-init[1257]: Cloud-init v. 0.7.9 running 'modules:final' at Wed, 06 Sep 2017 04:19:03 +0000. Up 45.93 seconds.
[[0;32m  OK  [0m] Started Execute cloud user/final scripts.
[   46.177689] cloud-init[1257]: Cloud-init v. 0.7.9 finished at Wed, 06 Sep 2017 04:19:03 +0000. Datasource DataSourceNoCloud [seed=/dev/sdb][dsmode=net].  Up 46.01 seconds
[[0;32m  OK  [0m] Reached target Cloud-init target.

Ubuntu 16.04.3 LTS butchery ttyS0

butchery login: 